Library/Bee/Android/Prj/Mono2x/Gradle/unityLibrary/build/intermediates/manifest_merge_blame_file/debug/manifest-merger-blame-debug-report.txt
1<?xml version="1.0" encoding="utf-8"?>
2<manifest xmlns:android="http://schemas.android.com/apk/res/android"
3    xmlns:tools="http://schemas.android.com/tools"
4    package="com.unity3d.player"
5    android:versionCode="1"
6    android:versionName="0.1" >
7
8    <uses-sdk
9        android:minSdkVersion="24"
9-->src\main\AndroidManifest.xml
10        android:targetSdkVersion="30" />
10-->src\main\AndroidManifest.xml
11
12    <uses-feature android:glEsVersion="0x00030000" />
12-->src\main\AndroidManifest.xml:19:3-52
12-->src\main\AndroidManifest.xml:19:17-49
13
14    <uses-permission android:name="android.permission.INTERNET" />
14-->src\main\AndroidManifest.xml:20:3-65
14-->src\main\AndroidManifest.xml:20:20-62
15
16    <uses-feature
16-->src\main\AndroidManifest.xml:21:3-88
17        android:name="android.hardware.touchscreen"
17-->src\main\AndroidManifest.xml:21:17-60
18        android:required="false" />
18-->src\main\AndroidManifest.xml:21:61-85
19    <uses-feature
19-->src\main\AndroidManifest.xml:22:3-99
20        android:name="android.hardware.touchscreen.multitouch"
20-->src\main\AndroidManifest.xml:22:17-71
21        android:required="false" />
21-->src\main\AndroidManifest.xml:22:72-96
22    <uses-feature
22-->src\main\AndroidManifest.xml:23:3-108
23        android:name="android.hardware.touchscreen.multitouch.distinct"
23-->src\main\AndroidManifest.xml:23:17-80
24        android:required="false" />
24-->src\main\AndroidManifest.xml:23:81-105
25
26    <uses-permission android:name="android.permission.CAMERA" />
26-->src\main\AndroidManifest.xml:24:3-63
26-->src\main\AndroidManifest.xml:24:20-60
27
28    <uses-feature
28-->src\main\AndroidManifest.xml:25:3-85
29        android:name="android.hardware.camera.ar"
29-->src\main\AndroidManifest.xml:25:17-58
30        android:required="true" />
30-->src\main\AndroidManifest.xml:25:59-82
31    <uses-feature
31-->src\main\AndroidManifest.xml:26:3-83
32        android:name="com.google.ar.core.depth"
32-->src\main\AndroidManifest.xml:26:17-56
33        android:required="true" />
33-->src\main\AndroidManifest.xml:26:57-80
34
35    <application android:extractNativeLibs="true" >
35-->src\main\AndroidManifest.xml:3:3-18:17
35-->src\main\AndroidManifest.xml:3:16-48
36        <activity
36-->src\main\AndroidManifest.xml:4:5-10:16
37            android:name="com.unity3d.player.UnityPlayerActivity"
37-->src\main\AndroidManifest.xml:4:15-68
38            android:configChanges="mcc|mnc|locale|touchscreen|keyboard|keyboardHidden|navigation|orientation|screenLayout|uiMode|screenSize|smallestScreenSize|fontScale|layoutDirection|density"
38-->src\main\AndroidManifest.xml:4:180-361
39            android:hardwareAccelerated="false"
39-->src\main\AndroidManifest.xml:4:397-432
40            android:launchMode="singleTask"
40-->src\main\AndroidManifest.xml:4:148-179
41            android:resizeableActivity="false"
41-->src\main\AndroidManifest.xml:4:362-396
42            android:screenOrientation="fullUser"
42-->src\main\AndroidManifest.xml:4:111-147
43            android:theme="@style/UnityThemeSelector" >
43-->src\main\AndroidManifest.xml:4:69-110
44            <intent-filter>
44-->src\main\AndroidManifest.xml:5:7-8:23
45                <action android:name="android.intent.action.MAIN" />
45-->src\main\AndroidManifest.xml:6:9-61
45-->src\main\AndroidManifest.xml:6:17-58
46
47                <category android:name="android.intent.category.LAUNCHER" />
47-->src\main\AndroidManifest.xml:7:9-69
47-->src\main\AndroidManifest.xml:7:19-66
48            </intent-filter>
49
50            <meta-data
50-->src\main\AndroidManifest.xml:9:7-82
51                android:name="unityplayer.UnityActivity"
51-->src\main\AndroidManifest.xml:9:18-58
52                android:value="true" />
52-->src\main\AndroidManifest.xml:9:59-79
53        </activity>
54
55        <meta-data
55-->src\main\AndroidManifest.xml:11:5-69
56            android:name="unity.splash-mode"
56-->src\main\AndroidManifest.xml:11:16-48
57            android:value="0" />
57-->src\main\AndroidManifest.xml:11:49-66
58        <meta-data
58-->src\main\AndroidManifest.xml:12:5-74
59            android:name="unity.splash-enable"
59-->src\main\AndroidManifest.xml:12:16-50
60            android:value="True" />
60-->src\main\AndroidManifest.xml:12:51-71
61        <meta-data
61-->src\main\AndroidManifest.xml:13:5-78
62            android:name="unity.launch-fullscreen"
62-->src\main\AndroidManifest.xml:13:16-54
63            android:value="True" />
63-->src\main\AndroidManifest.xml:13:55-75
64        <meta-data
64-->src\main\AndroidManifest.xml:14:5-84
65            android:name="unity.allow-resizable-window"
65-->src\main\AndroidManifest.xml:14:16-59
66            android:value="False" />
66-->src\main\AndroidManifest.xml:14:60-81
67        <meta-data
67-->src\main\AndroidManifest.xml:15:5-84
68            android:name="unity.auto-report-fully-drawn"
68-->src\main\AndroidManifest.xml:15:16-60
69            android:value="true" />
69-->src\main\AndroidManifest.xml:15:61-81
70        <meta-data
70-->src\main\AndroidManifest.xml:16:5-88
71            android:name="unityplayer.SkipPermissionsDialog"
71-->src\main\AndroidManifest.xml:16:16-64
72            android:value="true" />
72-->src\main\AndroidManifest.xml:16:65-85
73        <meta-data
73-->src\main\AndroidManifest.xml:17:5-77
74            android:name="com.google.ar.core"
74-->src\main\AndroidManifest.xml:17:16-49
75            android:value="required" />
75-->src\main\AndroidManifest.xml:17:50-74
76    </application>
77
78</manifest>